Nov 22 16:36:32 host=smtp.gmail.com tls=on auth=on user=pwalko@vt.edu from=pwalko@vt.edu recipients=ocvt-officers-g@vt.edu mailsize=2822 smtpstatus=250 smtpmsg='250 2.0.0 OK 1511386642 l200sm2445213itl.36 - gsmtp' exitcode=EX_OK
Dec 05 19:47:47 host=587 tls=on auth=on user=pew from=pew@vtluug.org recipients=giggybyte@vt.edu errormsg='cannot connect to 587, port 25: Invalid argument' exitcode=EX_TEMPFAIL
Dec 05 19:49:18 host=587 tls=on auth=on user=pew from=pew@vtluug.org recipients=paul@walko.org errormsg='cannot connect to 587, port 25: Invalid argument' exitcode=EX_TEMPFAIL
Dec 05 19:51:19 host=465 tls=on auth=on user=pew from=pew@vtluug.org recipients=paul@walko.org errormsg='cannot connect to 465, port 25: Invalid argument' exitcode=EX_TEMPFAIL
Dec 05 19:52:20 host=587 tls=on auth=on user=pew from=pew@vtluug.org recipients=paul@walko.org errormsg='cannot connect to 587, port 25: Invalid argument' exitcode=EX_TEMPFAIL
Dec 05 19:53:34 host=587 tls=on auth=on user=pew from=pew@vtluug.org recipients=paul@walko.org errormsg='cannot connect to 587, port 25: Invalid argument' exitcode=EX_TEMPFAIL
Dec 05 19:53:42 host=acidburn.vtluug.org tls=on auth=on user=pew from=pew@vtluug.org recipients=paul@walko.org mailsize=65 smtpstatus=250 smtpmsg='250 2.0.0 Ok: queued as E0EF1140102' exitcode=EX_OK
Dec 05 19:54:46 host=acidburn.vtluug.org tls=on auth=on user=pew from=pew@vtluug.org recipients=dws@vt.edu mailsize=289 smtpstatus=250 smtpmsg='250 2.0.0 Ok: queued as 5D21A140102' exitcode=EX_OK
Dec 05 21:37:18 host=acidburn.vtluug.org tls=on auth=on user=pew from=pew@vtluug.org recipients=echarlie@vtluug.org mailsize=308 smtpstatus=250 smtpmsg='250 2.0.0 Ok: queued as 8949F140408' exitcode=EX_OK
Dec 10 20:20:50 host=smtp.gmail.com tls=on auth=on user=pwalko@vt.edu from=pwalko@vt.edu recipients=john.harris@vt.edu mailsize=705 smtpstatus=250 smtpmsg='250 2.0.0 OK 1512955207 r22sm3581283qtc.71 - gsmtp' exitcode=EX_OK
Dec 10 21:32:06 host=smtp.gmail.com tls=on auth=on user=pwalko@vt.edu from=pwalko@vt.edu recipients=john.harris@vt.edu mailsize=2007 smtpstatus=250 smtpmsg='250 2.0.0 OK 1512959483 n64sm3506656qkf.49 - gsmtp' exitcode=EX_OK
Dec 11 11:53:45 host=acidburn.vtluug.org tls=on auth=on user=pew from=pew@vtluug.org recipients=dws@vt.edu mailsize=672 smtpstatus=250 smtpmsg='250 2.0.0 Ok: queued as 0D4571400F1' exitcode=EX_OK
Dec 11 12:40:37 host=acidburn.vtluug.org tls=on auth=on user=pew from=pew@vtluug.org recipients=dws@vt.edu mailsize=1277 smtpstatus=250 smtpmsg='250 2.0.0 Ok: queued as 85F6E1400F1' exitcode=EX_OK
Dec 11 20:07:11 host=acidburn.vtluug.org tls=on auth=on user=pew from=pew@vtluug.org recipients=dws@vt.edu mailsize=1262 smtpstatus=250 smtpmsg='250 2.0.0 Ok: queued as 1647F1402AB' exitcode=EX_OK
Dec 12 10:54:11 host=smtp.gmail.com tls=on auth=on user=pwalko@vt.edu from=pwalko@vt.edu recipients=jmernst@vt.edu mailsize=1001 smtpstatus=250 smtpmsg='250 2.0.0 OK 1513094007 y16sm5788527qta.48 - gsmtp' exitcode=EX_OK
Dec 13 18:45:47 host=smtp.gmail.com tls=on auth=on user=pwalko@vt.edu from=pwalko@vt.edu recipients=jmernst@vt.edu mailsize=394527 smtpstatus=250 smtpmsg='250 2.0.0 OK 1513208703 a72sm1653256qkc.60 - gsmtp' exitcode=EX_OK
Dec 15 00:04:38 host=smtp.gmail.com tls=on auth=on user=pwalko@vt.edu from=pwalko@vt.edu recipients=jmernst@vt.edu mailsize=2138 smtpstatus=250 smtpmsg='250 2.0.0 OK 1513314233 n94sm3789224qkh.50 - gsmtp' exitcode=EX_OK
Jan 12 10:16:56 host=smtp.gmail.com tls=on auth=on user=pwalko@vt.edu from=pwalko@vt.edu recipients=plaura1@vt.edu mailsize=1757 smtpstatus=250 smtpmsg='250 2.0.0 OK 1515770216 p7sm13744784qkd.57 - gsmtp' exitcode=EX_OK
Jan 12 10:24:49 host=acidburn.vtluug.org tls=on auth=on user=pew from=pew@vtluug.org recipients=vtluug@gmail.com mailsize=338 smtpstatus=250 smtpmsg='250 2.0.0 Ok: queued as 4435E140080' exitcode=EX_OK
Jan 12 10:27:16 host=acidburn.vtluug.org tls=on auth=on user=pew from=pew@vtluug.org recipients=vtluug+notifications@gmail.com mailsize=361 smtpstatus=250 smtpmsg='250 2.0.0 Ok: queued as 051D9140080' exitcode=EX_OK
Jan 12 10:29:56 host=smtp.gmail.com tls=on auth=on user=paulsw.pw@gmail.com from=paulsw.pw@gmail.com recipients=vtluug+notifications@gmail.com mailsize=361 smtpstatus=250 smtpmsg='250 2.0.0 OK 1515770996 z128sm13784642qke.92 - gsmtp' exitcode=EX_OK
Jan 13 14:13:27 host=smtp.gmail.com tls=on auth=on user=paul@walko.org from=paul@walko.org recipients=info@eastcoasters.com mailsize=921 smtpstatus=250 smtpmsg='250 2.0.0 OK 1515870807 d7sm15552688qtc.13 - gsmtp' exitcode=EX_OK
Jan 15 13:35:51 host=smtp.gmail.com tls=on auth=on user=paul@walko.org from=paul@walko.org recipients=blacksburg@eastcoasters.com mailsize=3447 smtpstatus=250 smtpmsg='250 2.0.0 OK 1516041351 c12sm183520qka.17 - gsmtp' exitcode=EX_OK
Jan 15 14:03:18 host=smtp.gmail.com tls=on auth=on user=pwalko@vt.edu from=pwalko@vt.edu recipients=1axdqq8sbfswarhosapqu3yjv2savqruscp32m-pwalko=vt.edu@emailer.acalvio.com?subject=unsubscribe smtpstatus=553 smtpmsg='553-5.1.2 The recipient address <1axdqq8sbfswarhosapqu3yjv2savqruscp32m-pwalko=v\n553-5.1.2 t.edu@emailer.acalvio.com?subject=unsubscribe> is not a valid RFC-5321\n553 5.1.2 address. r2sm201044qkb.54 - gsmtp' errormsg='recipient address 1axdqq8sbfswarhosapqu3yjv2savqruscp32m-pwalko=vt.edu@emailer.acalvio.com?subject=unsubscribe not accepted by the server' exitcode=EX_DATAERR
Jan 17 18:43:53 host=smtp.gmail.com tls=on auth=on user=pwalko@vt.edu from=pwalko@vt.edu recipients=campg3@vt.edu mailsize=1201 smtpstatus=250 smtpmsg='250 2.0.0 OK 1516232633 g103sm4140395qkh.75 - gsmtp' exitcode=EX_OK
Jan 21 22:56:00 host=acidburn.vtluug.org tls=on auth=on user=pew from=pew@vtluug.org recipients=jtp292@vt.edu mailsize=888 smtpstatus=250 smtpmsg='250 2.0.0 Ok: queued as 9A4FE14124D' exitcode=EX_OK
Jan 23 02:50:57 host=acidburn.vtluug.org tls=on auth=on user=pew from=pew@vtluug.org recipients=pwalko@vt.edu mailsize=134504 smtpstatus=250 smtpmsg='250 2.0.0 Ok: queued as BA1DF1405E8' exitcode=EX_OK
Jan 23 20:50:14 host=smtp.gmail.com tls=on auth=on user=pwalko@vt.edu from=pwalko@vt.edu recipients=jtp292@vt.edu mailsize=606 smtpstatus=250 smtpmsg='250 2.0.0 OK 1516758614 t124sm7057854qke.57 - gsmtp' exitcode=EX_OK
Jan 24 22:21:02 host=smtp.gmail.com tls=on auth=on user=pwalko@vt.edu from=pwalko@vt.edu recipients=hlyne27@vt.edu mailsize=924 smtpstatus=250 smtpmsg='250 2.0.0 OK 1516850462 x135sm1316324qkb.58 - gsmtp' exitcode=EX_OK
Jan 29 10:23:46 host=smtp.gmail.com tls=on auth=on user=paulsw.pw@gmail.com from=paulsw.pw@gmail.com recipients=pwalko@vt.edu mailsize=312 smtpstatus=250 smtpmsg='250 2.0.0 OK 1517239426 s7sm7615851qkd.67 - gsmtp' exitcode=EX_OK
Jan 29 23:08:11 host=smtp.gmail.com tls=on auth=on user=paul@walko.org from=paul@walko.org recipients=paul@walko.org mailsize=116184 smtpstatus=250 smtpmsg='250 2.0.0 OK 1517285291 r27sm11285540qtj.85 - gsmtp' exitcode=EX_OK
Jan 29 23:17:09 host=smtp.gmail.com tls=on auth=on user=paul@walko.org from=paul@walko.org recipients=paul@walko.org mailsize=288 smtpstatus=250 smtpmsg='250 2.0.0 OK 1517285829 e16sm11309800qtk.32 - gsmtp' exitcode=EX_OK
Jan 29 23:17:38 host=smtp.gmail.com tls=on auth=on user=paul@walko.org from=paul@walko.org recipients=paul@walko.org mailsize=115219 smtpstatus=250 smtpmsg='250 2.0.0 OK 1517285858 u123sm8596567qkd.21 - gsmtp' exitcode=EX_OK
Jan 29 23:26:54 host=smtp.gmail.com tls=on auth=on user=paul@walko.org from=paul@walko.org recipients=paul@walko.org mailsize=115296 smtpstatus=250 smtpmsg='250 2.0.0 OK 1517286414 g1sm11260723qta.46 - gsmtp' exitcode=EX_OK
Jan 30 00:16:40 host=smtp.gmail.com tls=on auth=on user=paul@walko.org from=paul@walko.org recipients=paul@walko.org mailsize=198730 smtpstatus=250 smtpmsg='250 2.0.0 OK 1517289400 a50sm11265818qtc.94 - gsmtp' exitcode=EX_OK
Feb 05 14:57:17 host=smtp.gmail.com tls=on auth=on user=paul@walko.org from=paul@walko.org recipients=paul@walko.org mailsize=153422 smtpstatus=250 smtpmsg='250 2.0.0 OK 1517860637 t33sm2446649qtc.14 - gsmtp' exitcode=EX_OK
Feb 12 20:36:20 host=smtp.gmail.com tls=on auth=on user=paul@walko.org from=paul@walko.org recipients=irye788asba679@hpeprint.com mailsize=131234 smtpstatus=250 smtpmsg='250 2.0.0 OK 1518485780 f9sm7187732qta.86 - gsmtp' exitcode=EX_OK
Feb 12 22:09:01 host=smtp.gmail.com tls=on auth=on user=paul@walko.org from=paul@walko.org recipients=irye788asba679@hpeprint.com smtpstatus=552 smtpmsg='552-5.2.3 Your message exceeded Google?s message size limits. Please visit\n552-5.2.3  https://support.google.com/mail/?p=MaxSizeError to view our size\n552 5.2.3 guidelines. f128sm6573169qkc.36 - gsmtp' errormsg='the server did not accept the mail' exitcode=EX_UNAVAILABLE
Feb 18 02:27:17 host=smtp.gmail.com tls=on auth=on user=paul@walko.org from=paul@walko.org recipients=irye788asba679@hpeprint.com mailsize=4173893 smtpstatus=250 smtpmsg='250 2.0.0 OK 1518938837 g8sm16696689qta.30 - gsmtp' exitcode=EX_OK
Feb 18 02:40:53 host=smtp.gmail.com tls=on auth=on user=paul@walko.org from=paul@walko.org recipients=irye788asba679@hpeprint.com mailsize=14561468 smtpstatus=250 smtpmsg='250 2.0.0 OK 1518939653 v57sm14608249qtv.7 - gsmtp' exitcode=EX_OK
Jun 23 19:03:24 host=smtp.gmail.com tls=on auth=on user=pwalko@vt.edu from=pwalko@vt.edu recipients=paul@walko.org mailsize=2338 smtpstatus=250 smtpmsg='250 2.0.0 OK 1529795004 b38-v6sm9732180qta.96 - gsmtp' exitcode=EX_OK
Jun 23 19:05:57 host=smtp.gmail.com tls=on auth=on user=pwalko@vt.edu from=pwalko@vt.edu recipients=echarlie@vt.edu mailsize=2046 smtpstatus=250 smtpmsg='250 2.0.0 OK 1529795157 15-v6sm5485534qtv.56 - gsmtp' exitcode=EX_OK
Jun 24 15:19:15 host=smtp.gmail.com tls=on auth=on user=pwalko@vt.edu from=pwalko@vt.edu recipients=echarlie@vt.edu mailsize=2418 smtpstatus=250 smtpmsg='250 2.0.0 OK 1529867955 e62-v6sm5054565qkf.0 - gsmtp' exitcode=EX_OK
Jun 26 20:50:15 host=smtp.gmail.com tls=on auth=on user=pwalko@vt.edu from=pwalko@vt.edu recipients=joshhull@vt.edu mailsize=73014 smtpstatus=250 smtpmsg='250 2.0.0 OK 1530060615 k129-v6sm1979241qkd.13 - gsmtp' exitcode=EX_OK
